0 info it worked if it ends with ok
1 verbose cli [ 'D:\\nodejs\\node.exe',
1 verbose cli   'C:\\Users\\liuxinyi6\\AppData\\Roaming\\npm\\node_modules\\@jd\\jnpm\\node_modules\\npm\\bin\\npm-cli.js',
1 verbose cli   '--userconfig=C:\\Users\\liuxinyi6\\.jnpmrc',
1 verbose cli   '--disturl=https://npm.taobao.org/mirrors/node',
1 verbose cli   '--registry=http://registry.m.jd.com',
1 verbose cli   'adduser',
1 verbose cli   '--scope=@jd' ]
2 info using npm@3.10.10
3 info using node@v8.9.0
4 verbose adduser before first PUT { _id: 'org.couchdb.user:liuxinyi12',
4 verbose adduser   name: 'liuxinyi12',
4 verbose adduser   password: 'XXXXX',
4 verbose adduser   email: 'liuxinyi6@jd.com',
4 verbose adduser   type: 'user',
4 verbose adduser   roles: [],
4 verbose adduser   date: '2018-07-26T08:06:25.633Z' }
5 verbose request uri http://registry.m.jd.com/-/user/org.couchdb.user:liuxinyi12
6 verbose request new user, so can't send auth
7 info attempt registry request try #1 at 16:06:25
8 verbose request id 2dd69632e529b54a
9 http request PUT http://registry.m.jd.com/-/user/org.couchdb.user:liuxinyi12
10 info retry will retry, error on last attempt: Error: connect ETIMEDOUT 172.28.60.55:80
11 info attempt registry request try #2 at 16:06:57
12 http request PUT http://registry.m.jd.com/-/user/org.couchdb.user:liuxinyi12
13 info retry will retry, error on last attempt: Error: connect ETIMEDOUT 172.28.60.55:80
14 info attempt registry request try #3 at 16:08:18
15 http request PUT http://registry.m.jd.com/-/user/org.couchdb.user:liuxinyi12
16 verbose request invalidating C:\Users\liuxinyi6\AppData\Roaming\npm-cache\registry.m.jd.com\-\user\org.couchdb.user_3Aliuxinyi12 on PUT
17 verbose adduser back [ { Error: connect ETIMEDOUT 172.28.60.55:80
17 verbose adduser     at Object._errnoException (util.js:1024:11)
17 verbose adduser     at _exceptionWithHostPort (util.js:1046:20)
17 verbose adduser     at TCPConnectWrap.afterConnect [as oncomplete] (net.js:1182:14)
17 verbose adduser     code: 'ETIMEDOUT',
17 verbose adduser     errno: 'ETIMEDOUT',
17 verbose adduser     syscall: 'connect',
17 verbose adduser     address: '172.28.60.55',
17 verbose adduser     port: 80 },
17 verbose adduser   undefined,
17 verbose adduser   undefined ]
18 verbose stack Error: connect ETIMEDOUT 172.28.60.55:80
18 verbose stack     at Object._errnoException (util.js:1024:11)
18 verbose stack     at _exceptionWithHostPort (util.js:1046:20)
18 verbose stack     at TCPConnectWrap.afterConnect [as oncomplete] (net.js:1182:14)
19 verbose cwd E:\VscodeProjects\at-ui-nerv
20 error Windows_NT 6.1.7601
21 error argv "D:\\nodejs\\node.exe" "C:\\Users\\liuxinyi6\\AppData\\Roaming\\npm\\node_modules\\@jd\\jnpm\\node_modules\\npm\\bin\\npm-cli.js" "--userconfig=C:\\Users\\liuxinyi6\\.jnpmrc" "--disturl=https://npm.taobao.org/mirrors/node" "--registry=http://registry.m.jd.com" "adduser" "--scope=@jd"
22 error node v8.9.0
23 error npm  v3.10.10
24 error code ETIMEDOUT
25 error errno ETIMEDOUT
26 error syscall connect
27 error network connect ETIMEDOUT 172.28.60.55:80
28 error network This is most likely not a problem with npm itself
28 error network and is related to network connectivity.
28 error network In most cases you are behind a proxy or have bad network settings.
28 error network
28 error network If you are behind a proxy, please make sure that the
28 error network 'proxy' config is set properly.  See: 'npm help config'
29 verbose exit [ 1, true ]
